Build started 24/02/2014 21:35:11.
     1>Project "C:\Users\Jiajun\Documents\Visual Studio 2012\Projects\EasyDone\EasyDone\EasyDone.vcxproj" on node 2 (Build target(s)).
     1>ClCompile:
         C:\Program Files (x86)\Microsoft Visual Studio 11.0\VC\bin\CL.exe /c /ZI /nologo /W3 /WX- /sdl /Od /Oy- /D WIN32 /D _DEBUG /D _CONSOLE /D _UNICODE /D UNICODE /Gm /EHsc /RTC1 /MDd /GS /fp:precise /Zc:wchar_t /Zc:forScope /Yu"stdafx.h" /Fp"Debug\EasyDone.pch" /Fo"Debug\\" /Fd"Debug\vc110.pdb" /Gd /TP /analyze- /errorReport:prompt EasyDone.cpp main.cpp parser.cpp
         parser.cpp
         Generating Code...
         Compiling...
         main.cpp
         EasyDone.cpp
         Generating Code...
       Lib:
         C:\Program Files (x86)\Microsoft Visual Studio 11.0\VC\bin\Lib.exe /OUT:"C:\Users\Jiajun\Documents\Visual Studio 2012\Projects\EasyDone\Debug\EasyDone.lib" /NOLOGO Debug\main.obj
         Debug\EasyDone.obj
         Debug\parser.obj
         Debug\stdafx.obj
         Debug\Task.obj
         EasyDone.vcxproj -> C:\Users\Jiajun\Documents\Visual Studio 2012\Projects\EasyDone\Debug\EasyDone.lib
     1>Done Building Project "C:\Users\Jiajun\Documents\Visual Studio 2012\Projects\EasyDone\EasyDone\EasyDone.vcxproj" (Build target(s)).

Build succeeded.

Time Elapsed 00:00:00.38
